<!doctype html>
<html lang="en"><head><meta charSet="utf-8"/><meta http-equiv="X-UA-Compatible" content="IE=edge"/><meta name="viewport" content="width=device-width, initial-scale=1"/><title>Mochawesome Report</title><link rel="stylesheet" href="assets/app.css"/></head><body data-raw="{&quot;stats&quot;:{&quot;suites&quot;:3,&quot;tests&quot;:16,&quot;passes&quot;:4,&quot;pending&quot;:0,&quot;failures&quot;:12,&quot;start&quot;:&quot;2022-05-28T13:29:35.315Z&quot;,&quot;end&quot;:&quot;2022-05-28T13:29:45.832Z&quot;,&quot;duration&quot;:10517,&quot;testsRegistered&quot;:16,&quot;passPercent&quot;:25,&quot;pendingPercent&quot;:0,&quot;other&quot;:0,&quot;hasOther&quot;:false,&quot;skipped&quot;:0,&quot;hasSkipped&quot;:false},&quot;results&quot;:[{&quot;uuid&quot;:&quot;83ef2613-4642-4f59-b48b-91624d0668f5&quot;,&quot;title&quot;:&quot;&quot;,&quot;fullFile&quot;:&quot;&quot;,&quot;file&quot;:&quot;&quot;,&quot;beforeHooks&quot;:[],&quot;afterHooks&quot;:[],&quot;tests&quot;:[],&quot;suites&quot;:[{&quot;uuid&quot;:&quot;8fef22f7-c1a8-4117-b8d6-b5c617eb9db1&quot;,&quot;title&quot;:&quot;Write a suite of HTTP API tests in which each case sends a specific request and expects specific responses, status codes etc&quot;,&quot;fullFile&quot;:&quot;/Users/sajidalisaiyed/Documents/arenko/sdet_test/Test/SPEC/Task1_AutomatedAPI.js&quot;,&quot;file&quot;:&quot;/Test/SPEC/Task1_AutomatedAPI.js&quot;,&quot;beforeHooks&quot;:[],&quot;afterHooks&quot;:[],&quot;tests&quot;:[{&quot;title&quot;:&quot;GET /intensity&quot;,&quot;fullTitle&quot;:&quot;Write a suite of HTTP API tests in which each case sends a specific request and expects specific responses, status codes etc GET /intensity&quot;,&quot;duration&quot;:24,&quot;state&quot;:&quot;failed&quot;,&quot;pass&quot;:false,&quot;fail&quot;:true,&quot;pending&quot;:false,&quot;code&quot;:&quot;await Pages.getIntenSity();&quot;,&quot;err&quot;:{&quot;message&quot;:&quot;FetchError: request to https://api.carbonintensity.org.uk/intensity failed, reason: getaddrinfo ENOTFOUND api.carbonintensity.org.uk&quot;,&quot;estack&quot;:&quot;FetchError: request to https://api.carbonintensity.org.uk/intensity failed, reason: getaddrinfo ENOTFOUND api.carbonintensity.org.uk\n    at ClientRequest.&lt;anonymous&gt; (/Users/sajidalisaiyed/node_modules/node-fetch/lib/index.js:1491:11)\n    at TLSSocket.socketErrorListener (_http_client.js:469:9)\n    at emitErrorNT (internal/streams/destroy.js:106:8)\n    at emitErrorCloseNT (internal/streams/destroy.js:74:3)\n    at processTicksAndRejections (internal/process/task_queues.js:80:21)&quot;},&quot;uuid&quot;:&quot;9b705f3c-b40f-492e-9eaf-92ddfbaaf1f8&quot;,&quot;isHook&quot;:false,&quot;skipped&quot;:false},{&quot;title&quot;:&quot;GET /intensity/date&quot;,&quot;fullTitle&quot;:&quot;Write a suite of HTTP API tests in which each case sends a specific request and expects specific responses, status codes etc GET /intensity/date&quot;,&quot;duration&quot;:3,&quot;state&quot;:&quot;failed&quot;,&quot;pass&quot;:false,&quot;fail&quot;:true,&quot;pending&quot;:false,&quot;code&quot;:&quot;await Pages.getIntenSityDate();&quot;,&quot;err&quot;:{&quot;message&quot;:&quot;FetchError: request to https://api.carbonintensity.org.uk/intensity/date failed, reason: getaddrinfo ENOTFOUND api.carbonintensity.org.uk&quot;,&quot;estack&quot;:&quot;FetchError: request to https://api.carbonintensity.org.uk/intensity/date failed, reason: getaddrinfo ENOTFOUND api.carbonintensity.org.uk\n    at ClientRequest.&lt;anonymous&gt; (/Users/sajidalisaiyed/node_modules/node-fetch/lib/index.js:1491:11)\n    at TLSSocket.socketErrorListener (_http_client.js:469:9)\n    at emitErrorNT (internal/streams/destroy.js:106:8)\n    at emitErrorCloseNT (internal/streams/destroy.js:74:3)\n    at processTicksAndRejections (internal/process/task_queues.js:80:21)&quot;},&quot;uuid&quot;:&quot;dd2438df-70ad-4684-bbd7-d91bcf66844a&quot;,&quot;isHook&quot;:false,&quot;skipped&quot;:false},{&quot;title&quot;:&quot;GET /intensity/date/{date}&quot;,&quot;fullTitle&quot;:&quot;Write a suite of HTTP API tests in which each case sends a specific request and expects specific responses, status codes etc GET /intensity/date/{date}&quot;,&quot;duration&quot;:2,&quot;state&quot;:&quot;failed&quot;,&quot;pass&quot;:false,&quot;fail&quot;:true,&quot;pending&quot;:false,&quot;code&quot;:&quot;await Pages.getIntenSityDateWithParameters();&quot;,&quot;err&quot;:{&quot;message&quot;:&quot;FetchError: request to https://api.carbonintensity.org.uk/intensity/date/2022-05-25 failed, reason: getaddrinfo ENOTFOUND api.carbonintensity.org.uk&quot;,&quot;estack&quot;:&quot;FetchError: request to https://api.carbonintensity.org.uk/intensity/date/2022-05-25 failed, reason: getaddrinfo ENOTFOUND api.carbonintensity.org.uk\n    at ClientRequest.&lt;anonymous&gt; (/Users/sajidalisaiyed/node_modules/node-fetch/lib/index.js:1491:11)\n    at TLSSocket.socketErrorListener (_http_client.js:469:9)\n    at emitErrorNT (internal/streams/destroy.js:106:8)\n    at emitErrorCloseNT (internal/streams/destroy.js:74:3)\n    at processTicksAndRejections (internal/process/task_queues.js:80:21)&quot;},&quot;uuid&quot;:&quot;03f3b7fa-74c4-4172-b1dc-25a500bb476b&quot;,&quot;isHook&quot;:false,&quot;skipped&quot;:false}],&quot;suites&quot;:[],&quot;passes&quot;:[],&quot;failures&quot;:[&quot;9b705f3c-b40f-492e-9eaf-92ddfbaaf1f8&quot;,&quot;dd2438df-70ad-4684-bbd7-d91bcf66844a&quot;,&quot;03f3b7fa-74c4-4172-b1dc-25a500bb476b&quot;],&quot;pending&quot;:[],&quot;skipped&quot;:[],&quot;duration&quot;:29,&quot;root&quot;:false,&quot;rootEmpty&quot;:false},{&quot;uuid&quot;:&quot;328e1c37-7b27-48f2-9223-c14da57b425f&quot;,&quot;title&quot;:&quot;Tomorrow Tab&quot;,&quot;fullFile&quot;:&quot;/Users/sajidalisaiyed/Documents/arenko/sdet_test/Test/SPEC/Task2_1_ActiveTab_GUI.js&quot;,&quot;file&quot;:&quot;/Test/SPEC/Task2_1_ActiveTab_GUI.js&quot;,&quot;beforeHooks&quot;:[{&quot;title&quot;:&quot;\&quot;before all\&quot; hook: Open Browser in \&quot;Tomorrow Tab\&quot;&quot;,&quot;fullTitle&quot;:&quot;Tomorrow Tab \&quot;before all\&quot; hook: Open Browser in \&quot;Tomorrow Tab\&quot;&quot;,&quot;duration&quot;:4640,&quot;pass&quot;:false,&quot;fail&quot;:false,&quot;code&quot;:&quot;await Pages.launchBrowser(\&quot;http://localhost:3000/\&quot;);&quot;,&quot;err&quot;:{},&quot;uuid&quot;:&quot;b0341380-47ba-48a6-83e9-0dce22661928&quot;,&quot;isHook&quot;:true,&quot;skipped&quot;:false}],&quot;afterHooks&quot;:[],&quot;tests&quot;:[{&quot;title&quot;:&quot;From and To fields can&#x27;t be empty&quot;,&quot;fullTitle&quot;:&quot;Tomorrow Tab From and To fields can&#x27;t be empty&quot;,&quot;duration&quot;:5001,&quot;state&quot;:&quot;failed&quot;,&quot;pass&quot;:false,&quot;fail&quot;:true,&quot;pending&quot;:false,&quot;code&quot;:&quot;await Pages.checkFromAndToCantEmpty();&quot;,&quot;err&quot;:{&quot;message&quot;:&quot;AssertionError: expected undefined to equal &#x27;Empty values are not allowed&#x27;&quot;,&quot;estack&quot;:&quot;AssertionError: expected undefined to equal &#x27;Empty values are not allowed&#x27;\n    at ValidateActiveTab.checkFromAndToCantEmpty (Test/Pages/ValidateGUI_ActiveTab.js:60:35)\n    at processTicksAndRejections (internal/process/task_queues.js:93:5)\n    at async Context.&lt;anonymous&gt; (Test/SPEC/Task2_1_ActiveTab_GUI.js:20:16)&quot;},&quot;uuid&quot;:&quot;8360a4f0-73c7-4e56-8338-6dbe89be4282&quot;,&quot;isHook&quot;:false,&quot;skipped&quot;:false},{&quot;title&quot;:&quot;From and To fields  should be +ve numeric values.&quot;,&quot;fullTitle&quot;:&quot;Tomorrow Tab From and To fields  should be +ve numeric values.&quot;,&quot;duration&quot;:9,&quot;state&quot;:&quot;failed&quot;,&quot;pass&quot;:false,&quot;fail&quot;:true,&quot;pending&quot;:false,&quot;code&quot;:&quot;await  Pages.checkFromAndToPostiveValue();&quot;,&quot;err&quot;:{&quot;message&quot;:&quot;AssertionError: expected undefined to equal &#x27;FROM level outside valid range&#x27;&quot;,&quot;estack&quot;:&quot;AssertionError: expected undefined to equal &#x27;FROM level outside valid range&#x27;\n    at ValidateActiveTab.checkFromAndToPostiveValue (Test/Pages/ValidateGUI_ActiveTab.js:81:47)\n    at processTicksAndRejections (internal/process/task_queues.js:93:5)\n    at async Context.&lt;anonymous&gt; (Test/SPEC/Task2_1_ActiveTab_GUI.js:25:16)&quot;},&quot;uuid&quot;:&quot;53999e12-292d-4b23-98bf-5bcbea651952&quot;,&quot;isHook&quot;:false,&quot;skipped&quot;:false},{&quot;title&quot;:&quot;Asset drop-down can&#x27;t be empty.&quot;,&quot;fullTitle&quot;:&quot;Tomorrow Tab Asset drop-down can&#x27;t be empty.&quot;,&quot;duration&quot;:4,&quot;state&quot;:&quot;failed&quot;,&quot;pass&quot;:false,&quot;fail&quot;:true,&quot;pending&quot;:false,&quot;code&quot;:&quot;await Pages.checkAssetDropDownCantEmpty();&quot;,&quot;err&quot;:{&quot;message&quot;:&quot;AssertionError: Unspecified AssertionError&quot;,&quot;estack&quot;:&quot;AssertionError: Unspecified AssertionError\n    at ValidateActiveTab.checkAssetDropDownCantEmpty (Test/Pages/ValidateGUI_ActiveTab.js:106:12)\n    at processTicksAndRejections (internal/process/task_queues.js:93:5)\n    at async Context.&lt;anonymous&gt; (Test/SPEC/Task2_1_ActiveTab_GUI.js:30:17)&quot;},&quot;uuid&quot;:&quot;fb1f7e08-64f1-498a-8ea2-869ae0eac57b&quot;,&quot;isHook&quot;:false,&quot;skipped&quot;:false},{&quot;title&quot;:&quot;Start time should be after the current time.&quot;,&quot;fullTitle&quot;:&quot;Tomorrow Tab Start time should be after the current time.&quot;,&quot;duration&quot;:2,&quot;state&quot;:&quot;failed&quot;,&quot;pass&quot;:false,&quot;fail&quot;:true,&quot;pending&quot;:false,&quot;code&quot;:&quot;await  Pages.checkStartTime();&quot;,&quot;err&quot;:{&quot;message&quot;:&quot;TypeError: Cannot read property &#x27;includes&#x27; of undefined&quot;,&quot;estack&quot;:&quot;TypeError: Cannot read property &#x27;includes&#x27; of undefined\n    at ValidateActiveTab.checkStartTime (Test/Pages/ValidateGUI_ActiveTab.js:122:36)\n    at processTicksAndRejections (internal/process/task_queues.js:93:5)\n    at async Context.&lt;anonymous&gt; (Test/SPEC/Task2_1_ActiveTab_GUI.js:34:16)&quot;},&quot;uuid&quot;:&quot;8192c489-8a5e-41ae-9cca-89f91833e4ba&quot;,&quot;isHook&quot;:false,&quot;skipped&quot;:false},{&quot;title&quot;:&quot;To Time should be after the start time.&quot;,&quot;fullTitle&quot;:&quot;Tomorrow Tab To Time should be after the start time.&quot;,&quot;duration&quot;:1,&quot;state&quot;:&quot;failed&quot;,&quot;pass&quot;:false,&quot;fail&quot;:true,&quot;pending&quot;:false,&quot;code&quot;:&quot;await   Pages.checkEndTime();&quot;,&quot;err&quot;:{&quot;message&quot;:&quot;TypeError: Cannot read property &#x27;includes&#x27; of undefined&quot;,&quot;estack&quot;:&quot;TypeError: Cannot read property &#x27;includes&#x27; of undefined\n    at ValidateActiveTab.checkEndTime (Test/Pages/ValidateGUI_ActiveTab.js:154:30)\n    at processTicksAndRejections (internal/process/task_queues.js:93:5)\n    at async Context.&lt;anonymous&gt; (Test/SPEC/Task2_1_ActiveTab_GUI.js:38:15)&quot;},&quot;uuid&quot;:&quot;be784e82-d24e-4475-9a80-980183b1b8e3&quot;,&quot;isHook&quot;:false,&quot;skipped&quot;:false},{&quot;title&quot;:&quot;Submit Asset&quot;,&quot;fullTitle&quot;:&quot;Tomorrow Tab Submit Asset&quot;,&quot;duration&quot;:1,&quot;state&quot;:&quot;passed&quot;,&quot;speed&quot;:&quot;fast&quot;,&quot;pass&quot;:true,&quot;fail&quot;:false,&quot;pending&quot;:false,&quot;code&quot;:&quot;await  Pages.clickTOOverRide();&quot;,&quot;err&quot;:{},&quot;uuid&quot;:&quot;acf4e692-7215-4a4c-9d16-1eeab68fb3d0&quot;,&quot;isHook&quot;:false,&quot;skipped&quot;:false}],&quot;suites&quot;:[],&quot;passes&quot;:[&quot;acf4e692-7215-4a4c-9d16-1eeab68fb3d0&quot;],&quot;failures&quot;:[&quot;8360a4f0-73c7-4e56-8338-6dbe89be4282&quot;,&quot;53999e12-292d-4b23-98bf-5bcbea651952&quot;,&quot;fb1f7e08-64f1-498a-8ea2-869ae0eac57b&quot;,&quot;8192c489-8a5e-41ae-9cca-89f91833e4ba&quot;,&quot;be784e82-d24e-4475-9a80-980183b1b8e3&quot;],&quot;pending&quot;:[],&quot;skipped&quot;:[],&quot;duration&quot;:5018,&quot;root&quot;:false,&quot;rootEmpty&quot;:false},{&quot;uuid&quot;:&quot;ca2efb43-0811-49b1-8e91-6528d176bd91&quot;,&quot;title&quot;:&quot;Tomorrow Tab&quot;,&quot;fullFile&quot;:&quot;/Users/sajidalisaiyed/Documents/arenko/sdet_test/Test/SPEC/Task2_2_TomorrowTab_GUI.js&quot;,&quot;file&quot;:&quot;/Test/SPEC/Task2_2_TomorrowTab_GUI.js&quot;,&quot;beforeHooks&quot;:[{&quot;title&quot;:&quot;\&quot;before all\&quot; hook: Open Browser in \&quot;Tomorrow Tab\&quot;&quot;,&quot;fullTitle&quot;:&quot;Tomorrow Tab \&quot;before all\&quot; hook: Open Browser in \&quot;Tomorrow Tab\&quot;&quot;,&quot;duration&quot;:3762,&quot;pass&quot;:false,&quot;fail&quot;:false,&quot;code&quot;:&quot;await Pages.launchBrowser(\&quot;http://localhost:3000/\&quot;);&quot;,&quot;err&quot;:{},&quot;uuid&quot;:&quot;ecd9c1d4-7fa5-4e92-b578-b366ab849860&quot;,&quot;isHook&quot;:true,&quot;skipped&quot;:false}],&quot;afterHooks&quot;:[],&quot;tests&quot;:[{&quot;title&quot;:&quot;click on Tomorrow Tab&quot;,&quot;fullTitle&quot;:&quot;Tomorrow Tab click on Tomorrow Tab&quot;,&quot;duration&quot;:5067,&quot;state&quot;:&quot;passed&quot;,&quot;speed&quot;:&quot;slow&quot;,&quot;pass&quot;:true,&quot;fail&quot;:false,&quot;pending&quot;:false,&quot;code&quot;:&quot;await Pages.clickOnTomorrowTab();&quot;,&quot;err&quot;:{},&quot;uuid&quot;:&quot;20d8f831-03bd-448a-94d1-9cb91199fd83&quot;,&quot;isHook&quot;:false,&quot;skipped&quot;:false},{&quot;title&quot;:&quot;Asset drop down can&#x27;t be empty&quot;,&quot;fullTitle&quot;:&quot;Tomorrow Tab Asset drop down can&#x27;t be empty&quot;,&quot;duration&quot;:1370,&quot;state&quot;:&quot;passed&quot;,&quot;speed&quot;:&quot;slow&quot;,&quot;pass&quot;:true,&quot;fail&quot;:false,&quot;pending&quot;:false,&quot;code&quot;:&quot;await Pages.assetDropDownValidation();&quot;,&quot;err&quot;:{},&quot;uuid&quot;:&quot;53560fcf-f230-48ff-9151-27c9537371e3&quot;,&quot;isHook&quot;:false,&quot;skipped&quot;:false},{&quot;title&quot;:&quot;Check that no null values are allowed for the Offer and Bid value.&quot;,&quot;fullTitle&quot;:&quot;Tomorrow Tab Check that no null values are allowed for the Offer and Bid value.&quot;,&quot;duration&quot;:7,&quot;state&quot;:&quot;failed&quot;,&quot;pass&quot;:false,&quot;fail&quot;:true,&quot;pending&quot;:false,&quot;code&quot;:&quot;await Pages.clickOnAddOverRide();\nawait Pages.checkNullValueOfOfferAndBid();&quot;,&quot;err&quot;:{&quot;message&quot;:&quot;AssertionError: expected undefined to equal &#x27;OFFER and BID empty&#x27;&quot;,&quot;estack&quot;:&quot;AssertionError: expected undefined to equal &#x27;OFFER and BID empty&#x27;\n    at ValidateGUI.checkNullValueOfOfferAndBid (Test/Pages/ValidateGUI.js:84:51)\n    at processTicksAndRejections (internal/process/task_queues.js:93:5)\n    at async Context.&lt;anonymous&gt; (Test/SPEC/Task2_2_TomorrowTab_GUI.js:30:17)&quot;},&quot;uuid&quot;:&quot;feb93d6c-8784-4802-a9a3-5aaa50e2e82a&quot;,&quot;isHook&quot;:false,&quot;skipped&quot;:false},{&quot;title&quot;:&quot;Offer Price must be greater than Offer Undo.&quot;,&quot;fullTitle&quot;:&quot;Tomorrow Tab Offer Price must be greater than Offer Undo.&quot;,&quot;duration&quot;:10,&quot;state&quot;:&quot;failed&quot;,&quot;pass&quot;:false,&quot;fail&quot;:true,&quot;pending&quot;:false,&quot;code&quot;:&quot;await Pages.checkPriceGreaterThenUndo();&quot;,&quot;err&quot;:{&quot;message&quot;:&quot;AssertionError: Unspecified AssertionError&quot;,&quot;estack&quot;:&quot;AssertionError: Unspecified AssertionError\n    at ValidateGUI.checkPriceGreaterThenUndo (Test/Pages/ValidateGUI.js:102:13)\n    at processTicksAndRejections (internal/process/task_queues.js:93:5)\n    at async Context.&lt;anonymous&gt; (Test/SPEC/Task2_2_TomorrowTab_GUI.js:34:17)&quot;},&quot;uuid&quot;:&quot;fd6e2628-4356-42af-b1b9-b8b3dac5ca1e&quot;,&quot;isHook&quot;:false,&quot;skipped&quot;:false},{&quot;title&quot;:&quot;Offer Price must be greater than Bid Undo..&quot;,&quot;fullTitle&quot;:&quot;Tomorrow Tab Offer Price must be greater than Bid Undo..&quot;,&quot;duration&quot;:4,&quot;state&quot;:&quot;failed&quot;,&quot;pass&quot;:false,&quot;fail&quot;:true,&quot;pending&quot;:false,&quot;code&quot;:&quot;await Pages.checkOfferUndoGreaterThanBidPrice();&quot;,&quot;err&quot;:{&quot;message&quot;:&quot;AssertionError: Unspecified AssertionError&quot;,&quot;estack&quot;:&quot;AssertionError: Unspecified AssertionError\n    at ValidateGUI.checkOfferUndoGreaterThanBidPrice (Test/Pages/ValidateGUI.js:118:13)\n    at processTicksAndRejections (internal/process/task_queues.js:93:5)\n    at async Context.&lt;anonymous&gt; (Test/SPEC/Task2_2_TomorrowTab_GUI.js:39:17)&quot;},&quot;uuid&quot;:&quot;4a79e298-0407-43bf-8421-b89f9859bbc3&quot;,&quot;isHook&quot;:false,&quot;skipped&quot;:false},{&quot;title&quot;:&quot;Offer Undo must be greater than Bid Price.&quot;,&quot;fullTitle&quot;:&quot;Tomorrow Tab Offer Undo must be greater than Bid Price.&quot;,&quot;duration&quot;:4,&quot;state&quot;:&quot;failed&quot;,&quot;pass&quot;:false,&quot;fail&quot;:true,&quot;pending&quot;:false,&quot;code&quot;:&quot;await Pages.checkOfferPriceGreaterThanBidUndo();&quot;,&quot;err&quot;:{&quot;message&quot;:&quot;AssertionError: Unspecified AssertionError&quot;,&quot;estack&quot;:&quot;AssertionError: Unspecified AssertionError\n    at ValidateGUI.checkOfferPriceGreaterThanBidUndo (Test/Pages/ValidateGUI.js:133:13)\n    at processTicksAndRejections (internal/process/task_queues.js:93:5)\n    at async Context.&lt;anonymous&gt; (Test/SPEC/Task2_2_TomorrowTab_GUI.js:44:17)&quot;},&quot;uuid&quot;:&quot;9fd67276-1574-43ae-b219-e7a0d00e82f1&quot;,&quot;isHook&quot;:false,&quot;skipped&quot;:false},{&quot;title&quot;:&quot;Verify that the single-sided submission is allowed&quot;,&quot;fullTitle&quot;:&quot;Tomorrow Tab Verify that the single-sided submission is allowed&quot;,&quot;duration&quot;:17,&quot;state&quot;:&quot;passed&quot;,&quot;speed&quot;:&quot;fast&quot;,&quot;pass&quot;:true,&quot;fail&quot;:false,&quot;pending&quot;:false,&quot;code&quot;:&quot;await Pages.checkSingleSideJourney();&quot;,&quot;err&quot;:{},&quot;uuid&quot;:&quot;d0f4e462-d83f-46a9-839b-1698bae89e1e&quot;,&quot;isHook&quot;:false,&quot;skipped&quot;:false}],&quot;suites&quot;:[],&quot;passes&quot;:[&quot;20d8f831-03bd-448a-94d1-9cb91199fd83&quot;,&quot;53560fcf-f230-48ff-9151-27c9537371e3&quot;,&quot;d0f4e462-d83f-46a9-839b-1698bae89e1e&quot;],&quot;failures&quot;:[&quot;feb93d6c-8784-4802-a9a3-5aaa50e2e82a&quot;,&quot;fd6e2628-4356-42af-b1b9-b8b3dac5ca1e&quot;,&quot;4a79e298-0407-43bf-8421-b89f9859bbc3&quot;,&quot;9fd67276-1574-43ae-b219-e7a0d00e82f1&quot;],&quot;pending&quot;:[],&quot;skipped&quot;:[],&quot;duration&quot;:6479,&quot;root&quot;:false,&quot;rootEmpty&quot;:false}],&quot;passes&quot;:[],&quot;failures&quot;:[],&quot;pending&quot;:[],&quot;skipped&quot;:[],&quot;duration&quot;:0,&quot;root&quot;:true,&quot;rootEmpty&quot;:true,&quot;_timeout&quot;:0}],&quot;meta&quot;:{&quot;mocha&quot;:{&quot;version&quot;:&quot;10.0.0&quot;},&quot;mochawesome&quot;:{&quot;options&quot;:{&quot;quiet&quot;:false,&quot;reportFilename&quot;:&quot;test-05-28-2022-18:59:35&quot;,&quot;saveHtml&quot;:true,&quot;saveJson&quot;:true,&quot;consoleReporter&quot;:&quot;spec&quot;,&quot;useInlineDiffs&quot;:false,&quot;code&quot;:true},&quot;version&quot;:&quot;7.1.3&quot;},&quot;marge&quot;:{&quot;options&quot;:{&quot;reportDir&quot;:&quot;Test/Test_Report&quot;,&quot;&quot;:true,&quot;reportFilename&quot;:&quot;test-05-28-2022-18:59:35&quot;},&quot;version&quot;:&quot;6.2.0&quot;}}}" data-config="{&quot;reportFilename&quot;:&quot;test-05-28-2022-18:59:35&quot;,&quot;reportDir&quot;:&quot;Test/Test_Report&quot;,&quot;reportTitle&quot;:&quot;sdet_test&quot;,&quot;reportPageTitle&quot;:&quot;Mochawesome Report&quot;,&quot;inline&quot;:false,&quot;inlineAssets&quot;:false,&quot;cdn&quot;:false,&quot;charts&quot;:false,&quot;enableCharts&quot;:false,&quot;code&quot;:true,&quot;enableCode&quot;:true,&quot;autoOpen&quot;:false,&quot;overwrite&quot;:true,&quot;timestamp&quot;:false,&quot;ts&quot;:false,&quot;showPassed&quot;:true,&quot;showFailed&quot;:true,&quot;showPending&quot;:true,&quot;showSkipped&quot;:false,&quot;showHooks&quot;:&quot;failed&quot;,&quot;saveJson&quot;:true,&quot;saveHtml&quot;:true,&quot;dev&quot;:false,&quot;assetsDir&quot;:&quot;Test/Test_Report/assets&quot;,&quot;jsonFile&quot;:&quot;/Users/sajidalisaiyed/Documents/arenko/sdet_test/Test/Test_Report/test-05-28-2022-18:59:35.json&quot;,&quot;htmlFile&quot;:&quot;/Users/sajidalisaiyed/Documents/arenko/sdet_test/Test/Test_Report/test-05-28-2022-18:59:35.html&quot;}"><div id="report"></div><script src="assets/app.js"></script></body></html>